# Push Log for the-reality-underneath-reality
# Generated by gitfield-sync

[2025-06-17T14:55:39Z] Local: , Branch=master, Commit=6068a8c
  Diff Summary:
     docs/integrity.sha256.sig.4E27D37C358872BF | 0
     1 file changed, 0 insertions(+), 0 deletions(-)
[2025-06-17T15:00:21Z] Radicle: RID=rad:z3FEj7rF8gZw9eFksCuiN43qjzrex, Peer ID=z6Mkw5s3ppo26C7y7tGK5MD8n2GqTHS582PPpeX5Xqbu2Mpz, Branch=master, Commit=6068a8c
  CLI: rad inspect rad:z3FEj7rF8gZw9eFksCuiN43qjzrex # View project details
  CLI: git ls-tree -r --name-only HEAD # View file structure
  Diff Summary:
     .gitfield/radicle.sigil.md | 67 ++++++++++++++++++++++++++++++++++++++++++++++
     1 file changed, 67 insertions(+)
[2025-06-17T15:01:13Z] Forgejo: https://remember.thefoldwithin.earth/mrhavens/the-reality-underneath-reality, Branch=master, Commit=6068a8c
  Diff Summary:
     .gitfield/remember.sigil.md | 59 +++++++++++++++++++++++++++++++++++++++++++++
     1 file changed, 59 insertions(+)
[2025-06-17T15:03:37Z] Codeberg: https://codeberg.org/mrhavens/the-reality-underneath-reality, Branch=master, Commit=6068a8c
  Diff Summary:
     .gitfield/pushed.log | 4 ++++
     1 file changed, 4 insertions(+)
[2025-06-17T15:04:38Z] GitLab: https://gitlab.com/mrhavens/the-reality-underneath-reality, Branch=master, Commit=6068a8c
  Diff Summary:
     .gitfield/gitlab.sigil.md | 59 +++++++++++++++++++++++++++++++++++++++++++++++
     1 file changed, 59 insertions(+)
[2025-06-17T15:05:25Z] Bitbucket: https://bitbucket.org/thefoldwithin/the-reality-underneath-reality, Branch=master, Commit=6068a8c
  Diff Summary:
     .gitfield/bitbucket.sigil.md | 59 ++++++++++++++++++++++++++++++++++++++++++++
     1 file changed, 59 insertions(+)
[2025-06-17T15:06:55Z] GitHub: https://github.com/mrhavens/the-reality-underneath-reality, Branch=master, Commit=6068a8c
  Diff Summary:
     .gitfield/github.sigil.md | 59 +++++++++++++++++++++++++++++++++++++++++++++++
     1 file changed, 59 insertions(+)
[2025-06-17T15:12:08Z] Local: , Branch=master, Commit=6068a8c
  Diff Summary:
     .gitfield/local.sigil.md | 59 ++++++++++++++++++++++++++++++++++++++++++++++++
     1 file changed, 59 insertions(+)
[2025-06-17T15:12:31Z] Radicle: RID=rad:z3FEj7rF8gZw9eFksCuiN43qjzrex, Peer ID=z6Mkw5s3ppo26C7y7tGK5MD8n2GqTHS582PPpeX5Xqbu2Mpz, Branch=master, Commit=6068a8c
  CLI: rad inspect rad:z3FEj7rF8gZw9eFksCuiN43qjzrex # View project details
  CLI: git ls-tree -r --name-only HEAD # View file structure
  Diff Summary:
     .gitfield/radicle.sigil.md | 20 ++++++++++----------
     1 file changed, 10 insertions(+), 10 deletions(-)
[2025-06-17T15:12:53Z] Forgejo: https://remember.thefoldwithin.earth/mrhavens/the-reality-underneath-reality, Branch=master, Commit=6068a8c
  Diff Summary:
     .gitfield/remember.sigil.md | 16 ++++++++--------
     1 file changed, 8 insertions(+), 8 deletions(-)
[2025-06-17T15:14:08Z] Codeberg: https://codeberg.org/mrhavens/the-reality-underneath-reality, Branch=master, Commit=6068a8c
  Diff Summary:
     .gitfield/pushed.log | 4 ++++
     1 file changed, 4 insertions(+)
[2025-06-17T15:14:32Z] GitLab: https://gitlab.com/mrhavens/the-reality-underneath-reality, Branch=master, Commit=6068a8c
  Diff Summary:
     .gitfield/gitlab.sigil.md | 16 ++++++++--------
     1 file changed, 8 insertions(+), 8 deletions(-)
[2025-06-17T15:14:57Z] Bitbucket: https://bitbucket.org/thefoldwithin/the-reality-underneath-reality, Branch=master, Commit=6068a8c
  Diff Summary:
     .gitfield/bitbucket.sigil.md | 16 ++++++++--------
     1 file changed, 8 insertions(+), 8 deletions(-)
[2025-06-17T15:15:30Z] GitHub: https://github.com/mrhavens/the-reality-underneath-reality, Branch=master, Commit=6068a8c
  Diff Summary:
     .gitfield/github.sigil.md | 16 ++++++++--------
     1 file changed, 8 insertions(+), 8 deletions(-)
[2025-06-17T15:17:41Z] Local: , Branch=master, Commit=6068a8c
  Diff Summary:
     .gitfield/local.sigil.md | 16 ++++++++--------
     1 file changed, 8 insertions(+), 8 deletions(-)
[2025-06-17T15:18:02Z] Radicle: RID=rad:z3FEj7rF8gZw9eFksCuiN43qjzrex, Peer ID=z6Mkw5s3ppo26C7y7tGK5MD8n2GqTHS582PPpeX5Xqbu2Mpz, Branch=master, Commit=6068a8c
  CLI: rad inspect rad:z3FEj7rF8gZw9eFksCuiN43qjzrex # View project details
  CLI: git ls-tree -r --name-only HEAD # View file structure
  Diff Summary:
     .gitfield/radicle.sigil.md | 16 ++++++++--------
     1 file changed, 8 insertions(+), 8 deletions(-)
[2025-06-17T15:18:20Z] Forgejo: https://remember.thefoldwithin.earth/mrhavens/the-reality-underneath-reality, Branch=master, Commit=6068a8c
  Diff Summary:
     .gitfield/remember.sigil.md | 14 +++++++-------
     1 file changed, 7 insertions(+), 7 deletions(-)
[2025-06-17T15:20:06Z] Codeberg: https://codeberg.org/mrhavens/the-reality-underneath-reality, Branch=master, Commit=6068a8c
  Diff Summary:
     .gitfield/pushed.log | 4 ++++
     1 file changed, 4 insertions(+)
[2025-06-17T15:20:37Z] GitLab: https://gitlab.com/mrhavens/the-reality-underneath-reality, Branch=master, Commit=6068a8c
  Diff Summary:
     .gitfield/gitlab.sigil.md | 14 +++++++-------
     1 file changed, 7 insertions(+), 7 deletions(-)
[2025-06-17T15:20:59Z] Bitbucket: https://bitbucket.org/thefoldwithin/the-reality-underneath-reality, Branch=master, Commit=6068a8c
  Diff Summary:
     .gitfield/bitbucket.sigil.md | 14 +++++++-------
     1 file changed, 7 insertions(+), 7 deletions(-)
[2025-06-17T15:21:26Z] GitHub: https://github.com/mrhavens/the-reality-underneath-reality, Branch=master, Commit=6068a8c
  Diff Summary:
     .gitfield/github.sigil.md | 14 +++++++-------
     1 file changed, 7 insertions(+), 7 deletions(-)
[2025-06-20T19:40:52Z] Local: , Branch=master, Commit=43e44bc
  Diff Summary:
     .gitfield/local.sigil.md | 16 ++++++++--------
     1 file changed, 8 insertions(+), 8 deletions(-)
[2025-06-20T19:41:57Z] Radicle: RID=rad:z3FEj7rF8gZw9eFksCuiN43qjzrex, Peer ID=z6Mkw5s3ppo26C7y7tGK5MD8n2GqTHS582PPpeX5Xqbu2Mpz, Branch=master, Commit=43e44bc
  CLI: rad inspect rad:z3FEj7rF8gZw9eFksCuiN43qjzrex # View project details
  CLI: git ls-tree -r --name-only HEAD # View file structure
  Diff Summary:
     .gitfield/radicle.sigil.md | 20 ++++++++++----------
     1 file changed, 10 insertions(+), 10 deletions(-)
[2025-06-20T19:42:49Z] Forgejo: https://remember.thefoldwithin.earth/mrhavens/the-reality-underneath-reality, Branch=master, Commit=43e44bc
  Diff Summary:
     .gitfield/remember.sigil.md | 18 +++++++++---------
     1 file changed, 9 insertions(+), 9 deletions(-)
[2025-06-20T19:44:19Z] Codeberg: https://codeberg.org/mrhavens/the-reality-underneath-reality, Branch=master, Commit=43e44bc
  Diff Summary:
     .gitfield/codeberg.sigil.md | 59 +++++++++++++++++++++++++++++++++++++++++++++
     1 file changed, 59 insertions(+)
[2025-06-20T19:45:27Z] GitLab: https://gitlab.com/mrhavens/the-reality-underneath-reality, Branch=master, Commit=43e44bc
  Diff Summary:
     .gitfield/gitlab.sigil.md | 20 ++++++++++----------
     1 file changed, 10 insertions(+), 10 deletions(-)
[2025-06-20T19:46:26Z] Bitbucket: https://bitbucket.org/thefoldwithin/the-reality-underneath-reality, Branch=master, Commit=43e44bc
  Diff Summary:
     .gitfield/bitbucket.sigil.md | 20 ++++++++++----------
     1 file changed, 10 insertions(+), 10 deletions(-)
[2025-06-20T19:47:54Z] GitHub: https://github.com/mrhavens/the-reality-underneath-reality, Branch=master, Commit=43e44bc
  Diff Summary:
     .gitfield/github.sigil.md | 20 ++++++++++----------
     1 file changed, 10 insertions(+), 10 deletions(-)
[2025-06-20T19:52:48Z] Local: , Branch=master, Commit=43e44bc
  Diff Summary:
     .gitfield/local.sigil.md | 16 ++++++++--------
     1 file changed, 8 insertions(+), 8 deletions(-)
[2025-06-20T19:53:44Z] Radicle: RID=rad:z3FEj7rF8gZw9eFksCuiN43qjzrex, Peer ID=z6Mkw5s3ppo26C7y7tGK5MD8n2GqTHS582PPpeX5Xqbu2Mpz, Branch=master, Commit=43e44bc
  CLI: rad inspect rad:z3FEj7rF8gZw9eFksCuiN43qjzrex # View project details
  CLI: git ls-tree -r --name-only HEAD # View file structure
  Diff Summary:
     .gitfield/radicle.sigil.md | 18 +++++++++---------
     1 file changed, 9 insertions(+), 9 deletions(-)
[2025-06-20T19:54:30Z] Forgejo: https://remember.thefoldwithin.earth/mrhavens/the-reality-underneath-reality, Branch=master, Commit=43e44bc
  Diff Summary:
     .gitfield/remember.sigil.md | 16 ++++++++--------
     1 file changed, 8 insertions(+), 8 deletions(-)
[2025-06-20T19:55:14Z] Codeberg: https://codeberg.org/mrhavens/the-reality-underneath-reality, Branch=master, Commit=43e44bc
  Diff Summary:
     .gitfield/codeberg.sigil.md | 16 ++++++++--------
     1 file changed, 8 insertions(+), 8 deletions(-)
[2025-06-20T19:56:09Z] GitLab: https://gitlab.com/mrhavens/the-reality-underneath-reality, Branch=master, Commit=43e44bc
  Diff Summary:
     .gitfield/gitlab.sigil.md | 14 +++++++-------
     1 file changed, 7 insertions(+), 7 deletions(-)
[2025-06-20T19:56:56Z] Bitbucket: https://bitbucket.org/thefoldwithin/the-reality-underneath-reality, Branch=master, Commit=43e44bc
  Diff Summary:
     .gitfield/bitbucket.sigil.md | 14 +++++++-------
     1 file changed, 7 insertions(+), 7 deletions(-)
[2025-06-20T19:58:06Z] GitHub: https://github.com/mrhavens/the-reality-underneath-reality, Branch=master, Commit=43e44bc
  Diff Summary:
     .gitfield/github.sigil.md | 14 +++++++-------
     1 file changed, 7 insertions(+), 7 deletions(-)
[2025-06-20T20:01:58Z] Local: , Branch=master, Commit=43e44bc
  Diff Summary:
     .gitfield/local.sigil.md | 14 +++++++-------
     1 file changed, 7 insertions(+), 7 deletions(-)
[2025-06-20T20:02:48Z] Radicle: RID=rad:z3FEj7rF8gZw9eFksCuiN43qjzrex, Peer ID=z6Mkw5s3ppo26C7y7tGK5MD8n2GqTHS582PPpeX5Xqbu2Mpz, Branch=master, Commit=43e44bc
  CLI: rad inspect rad:z3FEj7rF8gZw9eFksCuiN43qjzrex # View project details
  CLI: git ls-tree -r --name-only HEAD # View file structure
  Diff Summary:
     .gitfield/radicle.sigil.md | 16 ++++++++--------
     1 file changed, 8 insertions(+), 8 deletions(-)
[2025-06-20T20:03:27Z] Forgejo: https://remember.thefoldwithin.earth/mrhavens/the-reality-underneath-reality, Branch=master, Commit=43e44bc
  Diff Summary:
     .gitfield/remember.sigil.md | 14 +++++++-------
     1 file changed, 7 insertions(+), 7 deletions(-)
[2025-06-20T20:04:11Z] Codeberg: https://codeberg.org/mrhavens/the-reality-underneath-reality, Branch=master, Commit=43e44bc
  Diff Summary:
     .gitfield/codeberg.sigil.md | 14 +++++++-------
     1 file changed, 7 insertions(+), 7 deletions(-)
[2025-06-20T20:05:01Z] GitLab: https://gitlab.com/mrhavens/the-reality-underneath-reality, Branch=master, Commit=43e44bc
  Diff Summary:
     .gitfield/gitlab.sigil.md | 14 +++++++-------
     1 file changed, 7 insertions(+), 7 deletions(-)
